<?xml version="1.0" encoding="UTF-8" ?>
<testsuite tests="1" failures="0" name="descorp.jpa.validation.TipoProdutoValidationTest" time="0.582" errors="1" skipped="0">
  <properties>
[...]
</properties>
  <testcase classname="descorp.jpa.validation.TipoProdutoValidationTest" name="descorp.jpa.validation.TipoProdutoValidationTest" time="0.582">
    <error message="TB_PRODUTO_TAMANHO" type="java.lang.RuntimeException">java.lang.RuntimeException: TB_PRODUTO_TAMANHO
	at descorp.jpa.test.DbUnitUtil.inserirDados(DbUnitUtil.java:40)
	at descorp.jpa.validation.Teste.setUpClass(Teste.java:31)
	at sun.reflect.NativeMethodAccessorImpl.invoke0(Native Method)
	at sun.reflect.NativeMethodAccessorImpl.invoke(NativeMethodAccessorImpl.java:62)
	at sun.reflect.DelegatingMethodAccessorImpl.invoke(DelegatingMethodAccessorImpl.java:43)
	at java.lang.reflect.Method.invoke(Method.java:498)
	at org.junit.runners.model.FrameworkMethod$1.runReflectiveCall(FrameworkMethod.java:59)
	at org.junit.internal.runners.model.ReflectiveCallable.run(ReflectiveCallable.java:12)
	at org.junit.runners.model.FrameworkMethod.invokeExplosively(FrameworkMethod.java:56)
	at org.junit.internal.runners.statements.RunBefores.invokeMethod(RunBefores.java:33)
	at org.junit.internal.runners.statements.RunBefores.evaluate(RunBefores.java:24)
	at org.junit.internal.runners.statements.RunAfters.evaluate(RunAfters.java:27)
	at org.junit.runners.ParentRunner$3.evaluate(ParentRunner.java:306)
	at org.junit.runners.ParentRunner.run(ParentRunner.java:413)
	at org.apache.maven.surefire.junit4.JUnit4Provider.execute(JUnit4Provider.java:252)
	at org.apache.maven.surefire.junit4.JUnit4Provider.executeTestSet(JUnit4Provider.java:141)
	at org.apache.maven.surefire.junit4.JUnit4Provider.invoke(JUnit4Provider.java:112)
	at sun.reflect.NativeMethodAccessorImpl.invoke0(Native Method)
	at sun.reflect.NativeMethodAccessorImpl.invoke(NativeMethodAccessorImpl.java:62)
	at sun.reflect.DelegatingMethodAccessorImpl.invoke(DelegatingMethodAccessorImpl.java:43)
	at java.lang.reflect.Method.invoke(Method.java:498)
	at org.apache.maven.surefire.util.ReflectionUtils.invokeMethodWithArray(ReflectionUtils.java:189)
	at org.apache.maven.surefire.booter.ProviderFactory$ProviderProxy.invoke(ProviderFactory.java:165)
	at org.apache.maven.surefire.booter.ProviderFactory.invokeProvider(ProviderFactory.java:85)
	at org.apache.maven.surefire.booter.ForkedBooter.runSuitesInProcess(ForkedBooter.java:115)
	at org.apache.maven.surefire.booter.ForkedBooter.main(ForkedBooter.java:75)
Caused by: org.dbunit.dataset.NoSuchTableException: TB_PRODUTO_TAMANHO
	at org.dbunit.database.DatabaseDataSet.getTableMetaData(DatabaseDataSet.java:305)
	at org.dbunit.operation.DeleteAllOperation.execute(DeleteAllOperation.java:109)
	at org.dbunit.operation.CompositeOperation.execute(CompositeOperation.java:79)
	at descorp.jpa.test.DbUnitUtil.inserirDados(DbUnitUtil.java:38)
	... 25 more
</error>
    <system-out>[EL Info]: 2021-06-25 18:58:50.387--ServerSession(1004219512)--EclipseLink, version: Eclipse Persistence Services - 2.7.8.v20201217-ecdf3c32c4
[EL Warning]: metadata: 2021-06-25 18:58:50.396--ServerSession(1004219512)--Reverting the lazy setting on the OneToOne or ManyToOne attribute [cartaoCredito] for the entity class [class descorp.jpa.ClienteUsuario] since weaving was not enabled or did not occur.
[EL Warning]: metadata: 2021-06-25 18:58:50.397--ServerSession(1004219512)--Reverting the lazy setting on the OneToOne or ManyToOne attribute [clienteusuario] for the entity class [class descorp.jpa.Pedido] since weaving was not enabled or did not occur.
</system-out>
  </testcase>
</testsuite>