<?xml version="1.0" encoding="UTF-8" ?>
<testsuite tests="32" failures="0" name="softwarecorporativo.entidade.test.TestSuite" time="0.794" errors="0" skipped="0">
  <properties>
[...]
</properties>
  <testcase classname="softwarecorporativo.entidade.test.AdministradorCrudTest" name="getAdministradorPorCPF" time="0.112"/>
  <testcase classname="softwarecorporativo.entidade.test.AdministradorCrudTest" name="consultarAdministradorCPFInvalido" time="0.026"/>
  <testcase classname="softwarecorporativo.entidade.test.AdministradorCrudTest" name="getAdministradorPorId" time="0.006"/>
  <testcase classname="softwarecorporativo.entidade.test.ClienteUsuarioCrudTest" name="atualizarPais" time="0.118"/>
  <testcase classname="softwarecorporativo.entidade.test.ClienteUsuarioCrudTest" name="atualizarCPFInvalido" time="0.019"/>
  <testcase classname="softwarecorporativo.entidade.test.ClienteUsuarioCrudTest" name="getClientePorCPF" time="0.005"/>
  <testcase classname="softwarecorporativo.entidade.test.ClienteUsuarioCrudTest" name="atualizar" time="0.013"/>
  <testcase classname="softwarecorporativo.entidade.test.ClienteUsuarioCrudTest" name="atualizarPaisInvalido" time="0.005"/>
  <testcase classname="softwarecorporativo.entidade.test.ClienteUsuarioCrudTest" name="getClientePorId" time="0.002"/>
  <testcase classname="softwarecorporativo.entidade.test.ClienteUsuarioCrudTest" name="persistir" time="0.016"/>
  <testcase classname="softwarecorporativo.entidade.test.ClienteUsuarioCrudTest" name="consultarClienteCPFInvalido" time="0.003"/>
  <testcase classname="softwarecorporativo.entidade.test.CorProdutoCrudTest" name="existeCor" time="0.041"/>
  <testcase classname="softwarecorporativo.entidade.test.CorProdutoCrudTest" name="atualizar" time="0.018"/>
  <testcase classname="softwarecorporativo.entidade.test.CorProdutoCrudTest" name="persistir" time="0.007"/>
  <testcase classname="softwarecorporativo.entidade.test.CorProdutoCrudTest" name="getCorPorTipo" time="0.002"/>
  <testcase classname="softwarecorporativo.entidade.test.CorProdutoCrudTest" name="getCorPorId" time="0.001"/>
  <testcase classname="softwarecorporativo.entidade.test.PedidoCrudTest" name="getPedidoPorLog" time="0.041"/>
  <testcase classname="softwarecorporativo.entidade.test.PedidoCrudTest" name="atualizar" time="0.061"/>
  <testcase classname="softwarecorporativo.entidade.test.PedidoCrudTest" name="getPedidoPorId" time="0.001"/>
  <testcase classname="softwarecorporativo.entidade.test.ProdutoCrudTest" name="existeProduto" time="0.099"/>
  <testcase classname="softwarecorporativo.entidade.test.ProdutoCrudTest" name="getProdutoPorID" time="0.006"/>
  <testcase classname="softwarecorporativo.entidade.test.ProdutoCrudTest" name="getProdutoPorId" time="0.005"/>
  <testcase classname="softwarecorporativo.entidade.test.ProdutoCrudTest" name="atualizar" time="0.026"/>
  <testcase classname="softwarecorporativo.entidade.test.TamanhoProdutoCrudTest" name="existeTamanho" time="0.039"/>
  <testcase classname="softwarecorporativo.entidade.test.TamanhoProdutoCrudTest" name="getTamanhoPorTipo" time="0.008"/>
  <testcase classname="softwarecorporativo.entidade.test.TamanhoProdutoCrudTest" name="atualizar" time="0.022"/>
  <testcase classname="softwarecorporativo.entidade.test.TamanhoProdutoCrudTest" name="persistir" time="0.01"/>
  <testcase classname="softwarecorporativo.entidade.test.TamanhoProdutoCrudTest" name="getTamanhoPorId" time="0.001"/>
  <testcase classname="softwarecorporativo.entidade.test.TipoProdutoCrudTest" name="getTipoProdutoPorId" time="0.051"/>
  <testcase classname="softwarecorporativo.entidade.test.TipoProdutoCrudTest" name="persistir" time="0.019"/>
  <testcase classname="softwarecorporativo.entidade.test.TipoProdutoCrudTest" name="existeTipoProduto" time="0.007"/>
  <testcase classname="softwarecorporativo.entidade.test.TipoProdutoCrudTest" name="getTipoProdutoPorNome" time="0.004"/>
</testsuite>